<?xml version="1.0" encoding="UTF-8"?>
<testsuite name="com.sunjoo.drinktionary.DrinktionaryApplicationTests" tests="1" skipped="0" failures="0" errors="0" timestamp="2024-07-06T12:55:11" hostname="MacBook-Pro-2.local" time="0.304">
  <properties/>
  <testcase name="contextLoads()" classname="com.sunjoo.drinktionary.DrinktionaryApplicationTests" time="0.304"/>
  <system-out><![CDATA[21:55:08.722 [Test worker] INFO org.springframework.test.context.support.AnnotationConfigContextLoaderUtils -- Could not detect default configuration classes for test class [com.sunjoo.drinktionary.DrinktionaryApplicationTests]: DrinktionaryApplicationTests does not declare any static, non-private, non-final, nested classes annotated with @Configuration.
21:55:08.777 [Test worker] INFO org.springframework.boot.test.context.SpringBootTestContextBootstrapper -- Found @SpringBootConfiguration com.sunjoo.drinktionary.DrinktionaryApplication for test class com.sunjoo.drinktionary.DrinktionaryApplicationTests
  .   ____          _            __ _ _
 /\\ / ___'_ __ _ _(_)_ __  __ _ \ \ \ \
( ( )\___ | '_ | '_| | '_ \/ _` | \ \ \ \
 \\/  ___)| |_)| | | | | || (_| |  ) ) ) )
  '  |____| .__|_| |_|_| |_\__, | / / / /
 =========|_|==============|___/=/_/_/_/

 :: Spring Boot ::                (v3.3.0)

2024-07-06T21:55:09.031+09:00  INFO 6366 --- [drinktionary] [    Test worker] c.s.d.DrinktionaryApplicationTests       : Starting DrinktionaryApplicationTests using Java 17.0.9 with PID 6366 (started by Samsung in /Users/Samsung/Desktop/2024/sunjooProject/sunjoo-server-drinktionary)
2024-07-06T21:55:09.031+09:00  INFO 6366 --- [drinktionary] [    Test worker] c.s.d.DrinktionaryApplicationTests       : No active profile set, falling back to 1 default profile: "default"
2024-07-06T21:55:09.414+09:00  INFO 6366 --- [drinktionary] [    Test worker] .s.d.r.c.RepositoryConfigurationDelegate : Bootstrapping Spring Data JPA repositories in DEFAULT mode.
2024-07-06T21:55:09.496+09:00  INFO 6366 --- [drinktionary] [    Test worker] .s.d.r.c.RepositoryConfigurationDelegate : Finished Spring Data repository scanning in 78 ms. Found 2 JPA repository interfaces.
2024-07-06T21:55:09.625+09:00  INFO 6366 --- [drinktionary] [    Test worker] o.s.cloud.context.scope.GenericScope     : BeanFactory id=41358a30-5206-331b-bebb-a7012c44171b
2024-07-06T21:55:09.702+09:00  WARN 6366 --- [drinktionary] [    Test worker] trationDelegate$BeanPostProcessorChecker : Bean 'org.springframework.cloud.client.loadbalancer.LoadBalancerAutoConfiguration$DeferringLoadBalancerInterceptorConfig' of type [org.springframework.cloud.client.loadbalancer.LoadBalancerAutoConfiguration$DeferringLoadBalancerInterceptorConfig] is not eligible for getting processed by all BeanPostProcessors (for example: not eligible for auto-proxying). The currently created BeanPostProcessor [lbRestClientPostProcessor] is declared through a non-static factory method on that class; consider declaring it as static instead.
2024-07-06T21:55:09.703+09:00  WARN 6366 --- [drinktionary] [    Test worker] trationDelegate$BeanPostProcessorChecker : Bean 'deferringLoadBalancerInterceptor' of type [org.springframework.cloud.client.loadbalancer.DeferringLoadBalancerInterceptor] is not eligible for getting processed by all BeanPostProcessors (for example: not eligible for auto-proxying). Is this bean getting eagerly injected into a currently created BeanPostProcessor [lbRestClientPostProcessor]? Check the corresponding BeanPostProcessor declaration and its dependencies.
2024-07-06T21:55:09.775+09:00  INFO 6366 --- [drinktionary] [    Test worker] o.hibernate.jpa.internal.util.LogHelper  : HHH000204: Processing PersistenceUnitInfo [name: default]
2024-07-06T21:55:09.810+09:00  INFO 6366 --- [drinktionary] [    Test worker] org.hibernate.Version                    : HHH000412: Hibernate ORM core version 6.5.2.Final
2024-07-06T21:55:09.826+09:00  INFO 6366 --- [drinktionary] [    Test worker] o.h.c.internal.RegionFactoryInitiator    : HHH000026: Second-level cache disabled
2024-07-06T21:55:09.982+09:00  INFO 6366 --- [drinktionary] [    Test worker] o.s.o.j.p.SpringPersistenceUnitInfo      : No LoadTimeWeaver setup: ignoring JPA class transformer
2024-07-06T21:55:09.995+09:00  INFO 6366 --- [drinktionary] [    Test worker] com.zaxxer.hikari.HikariDataSource       : HikariPool-1 - Starting...
2024-07-06T21:55:10.104+09:00  INFO 6366 --- [drinktionary] [    Test worker] com.zaxxer.hikari.pool.HikariPool        : HikariPool-1 - Added connection conn0: url=jdbc:h2:mem:sunjoo user=ROOT
2024-07-06T21:55:10.105+09:00  INFO 6366 --- [drinktionary] [    Test worker] com.zaxxer.hikari.HikariDataSource       : HikariPool-1 - Start completed.
2024-07-06T21:55:10.118+09:00  WARN 6366 --- [drinktionary] [    Test worker] org.hibernate.orm.deprecation            : HHH90000025: MySQL8Dialect does not need to be specified explicitly using 'hibernate.dialect' (remove the property setting and it will be selected by default)
2024-07-06T21:55:10.118+09:00  WARN 6366 --- [drinktionary] [    Test worker] org.hibernate.orm.deprecation            : HHH90000026: MySQL8Dialect has been deprecated; use org.hibernate.dialect.MySQLDialect instead
2024-07-06T21:55:10.562+09:00  INFO 6366 --- [drinktionary] [    Test worker] o.h.e.t.j.p.i.JtaPlatformInitiator       : HHH000489: No JTA platform available (set 'hibernate.transaction.jta.platform' to enable JTA platform integration)
Hibernate: 
    create table drink_info (
        drink_id bigint not null auto_increment,
        liquid_capacity integer,
        abv float(53),
        image varchar(255),
        drink_name varchar(255),
        price integer,
        sentiment enum ('HAPPY2','Happy1','MEDIAN','SAD1','SAD2'),
        sugar_content float(53),
        drink_kind enum ('BEER','BRANDY','FRUIT','LIQUEUR','MAKGEOLLI','RICE_WINE','SOJU','WHISKEY','WINE','YAKJU'),
        primary key (drink_id)
    ) engine=InnoDB
Hibernate: 
    create table drink_review (
        review_id bigint not null auto_increment,
        content varchar(255),
        create_at TIMESTAMP null,
        star_rating float(53),
        user_id varchar(255),
        drink_id bigint,
        primary key (review_id)
    ) engine=InnoDB
Hibernate: 
    alter table drink_review 
       add constraint FKgd0cps943972ugi3a1swunxse 
       foreign key (drink_id) 
       references drink_info (drink_id)
2024-07-06T21:55:10.605+09:00  INFO 6366 --- [drinktionary] [    Test worker] j.LocalContainerEntityManagerFactoryBean : Initialized JPA EntityManagerFactory for persistence unit 'default'
2024-07-06T21:55:10.824+09:00  WARN 6366 --- [drinktionary] [    Test worker] JpaBaseConfiguration$JpaWebConfiguration : spring.jpa.open-in-view is enabled by default. Therefore, database queries may be performed during view rendering. Explicitly configure spring.jpa.open-in-view to disable this warning
2024-07-06T21:55:11.214+09:00  INFO 6366 --- [drinktionary] [    Test worker] DiscoveryClientOptionalArgsConfiguration : Eureka HTTP Client uses RestTemplate.
2024-07-06T21:55:11.226+09:00  WARN 6366 --- [drinktionary] [    Test worker] iguration$LoadBalancerCaffeineWarnLogger : Spring Cloud LoadBalancer is currently working with the default cache. While this cache implementation is useful for development and tests, it's recommended to use Caffeine cache in production.You can switch to using Caffeine cache, by adding it and org.springframework.cache.caffeine.CaffeineCacheManager to the classpath.
2024-07-06T21:55:11.242+09:00  INFO 6366 --- [drinktionary] [    Test worker] o.s.c.n.eureka.InstanceInfoFactory       : Setting initial instance status as: STARTING
2024-07-06T21:55:11.292+09:00  INFO 6366 --- [drinktionary] [    Test worker] com.netflix.discovery.DiscoveryClient    : Initializing Eureka in region us-east-1
2024-07-06T21:55:11.294+09:00  INFO 6366 --- [drinktionary] [    Test worker] c.n.d.s.r.aws.ConfigClusterResolver      : Resolving eureka endpoints via configuration
2024-07-06T21:55:11.305+09:00  INFO 6366 --- [drinktionary] [    Test worker] com.netflix.discovery.DiscoveryClient    : Disable delta property : true
2024-07-06T21:55:11.305+09:00  INFO 6366 --- [drinktionary] [    Test worker] com.netflix.discovery.DiscoveryClient    : Single vip registry refresh property : null
2024-07-06T21:55:11.305+09:00  INFO 6366 --- [drinktionary] [    Test worker] com.netflix.discovery.DiscoveryClient    : Force full registry fetch : false
2024-07-06T21:55:11.305+09:00  INFO 6366 --- [drinktionary] [    Test worker] com.netflix.discovery.DiscoveryClient    : Application is null : false
2024-07-06T21:55:11.305+09:00  INFO 6366 --- [drinktionary] [    Test worker] com.netflix.discovery.DiscoveryClient    : Registered Applications size is zero : true
2024-07-06T21:55:11.305+09:00  INFO 6366 --- [drinktionary] [    Test worker] com.netflix.discovery.DiscoveryClient    : Application version is -1: true
2024-07-06T21:55:11.305+09:00  INFO 6366 --- [drinktionary] [    Test worker] com.netflix.discovery.DiscoveryClient    : Getting all instance registry info from the eureka server
2024-07-06T21:55:11.576+09:00  INFO 6366 --- [drinktionary] [    Test worker] com.netflix.discovery.DiscoveryClient    : The response status is 200
2024-07-06T21:55:11.577+09:00  INFO 6366 --- [drinktionary] [    Test worker] com.netflix.discovery.DiscoveryClient    : Starting heartbeat executor: renew interval is: 30
2024-07-06T21:55:11.578+09:00  INFO 6366 --- [drinktionary] [    Test worker] c.n.discovery.InstanceInfoReplicator     : InstanceInfoReplicator onDemand update allowed rate per min is 4
2024-07-06T21:55:11.581+09:00  INFO 6366 --- [drinktionary] [    Test worker] com.netflix.discovery.DiscoveryClient    : Discovery Client initialized at timestamp 1720270511580 with initial instances count: 2
2024-07-06T21:55:11.586+09:00  INFO 6366 --- [drinktionary] [    Test worker] o.s.c.n.e.s.EurekaServiceRegistry        : Registering application DRINKTIONARY with eureka with status UP
2024-07-06T21:55:11.587+09:00  INFO 6366 --- [drinktionary] [    Test worker] com.netflix.discovery.DiscoveryClient    : Saw local status change event StatusChangeEvent [timestamp=1720270511587, current=UP, previous=STARTING]
2024-07-06T21:55:11.587+09:00  INFO 6366 --- [drinktionary] [nfoReplicator-0] com.netflix.discovery.DiscoveryClient    : DiscoveryClient_DRINKTIONARY/192.168.45.249:drinktionary:8091: registering service...
2024-07-06T21:55:11.601+09:00  INFO 6366 --- [drinktionary] [    Test worker] c.s.d.DrinktionaryApplicationTests       : Started DrinktionaryApplicationTests in 2.751 seconds (process running for 3.358)
2024-07-06T21:55:11.649+09:00  INFO 6366 --- [drinktionary] [nfoReplicator-0] com.netflix.discovery.DiscoveryClient    : DiscoveryClient_DRINKTIONARY/192.168.45.249:drinktionary:8091 - registration status: 204
]]></system-out>
  <system-err><![CDATA[]]></system-err>
</testsuite>
