<?xml version="1.0" encoding="UTF-8"?>
<testsuite name="com.sunjoo.drinktionary.DrinktionaryApplicationTests" tests="1" skipped="0" failures="0" errors="0" timestamp="2024-06-18T16:56:33" hostname="MacBook-Pro-2.local" time="0.303">
  <properties/>
  <testcase name="contextLoads()" classname="com.sunjoo.drinktionary.DrinktionaryApplicationTests" time="0.303"/>
  <system-out><![CDATA[01:56:30.918 [Test worker] INFO org.springframework.test.context.support.AnnotationConfigContextLoaderUtils -- Could not detect default configuration classes for test class [com.sunjoo.drinktionary.DrinktionaryApplicationTests]: DrinktionaryApplicationTests does not declare any static, non-private, non-final, nested classes annotated with @Configuration.
01:56:30.970 [Test worker] INFO org.springframework.boot.test.context.SpringBootTestContextBootstrapper -- Found @SpringBootConfiguration com.sunjoo.drinktionary.DrinktionaryApplication for test class com.sunjoo.drinktionary.DrinktionaryApplicationTests
  .   ____          _            __ _ _
 /\\ / ___'_ __ _ _(_)_ __  __ _ \ \ \ \
( ( )\___ | '_ | '_| | '_ \/ _` | \ \ \ \
 \\/  ___)| |_)| | | | | || (_| |  ) ) ) )
  '  |____| .__|_| |_|_| |_\__, | / / / /
 =========|_|==============|___/=/_/_/_/

 :: Spring Boot ::                (v3.3.0)

2024-06-19T01:56:31.233+09:00  INFO 11361 --- [sentimentAnalysis] [    Test worker] c.s.d.DrinktionaryApplicationTests       : Starting DrinktionaryApplicationTests using Java 17.0.9 with PID 11361 (started by Samsung in /Users/Samsung/Desktop/2024/sunjooProject/sunjoo-server-drinktionary)
2024-06-19T01:56:31.234+09:00  INFO 11361 --- [sentimentAnalysis] [    Test worker] c.s.d.DrinktionaryApplicationTests       : No active profile set, falling back to 1 default profile: "default"
2024-06-19T01:56:31.596+09:00  INFO 11361 --- [sentimentAnalysis] [    Test worker] .s.d.r.c.RepositoryConfigurationDelegate : Bootstrapping Spring Data JPA repositories in DEFAULT mode.
2024-06-19T01:56:31.677+09:00  INFO 11361 --- [sentimentAnalysis] [    Test worker] .s.d.r.c.RepositoryConfigurationDelegate : Finished Spring Data repository scanning in 77 ms. Found 1 JPA repository interface.
2024-06-19T01:56:31.798+09:00  INFO 11361 --- [sentimentAnalysis] [    Test worker] o.s.cloud.context.scope.GenericScope     : BeanFactory id=b72bbe4a-6205-35db-afe6-eb506b14b4e4
2024-06-19T01:56:31.875+09:00  WARN 11361 --- [sentimentAnalysis] [    Test worker] trationDelegate$BeanPostProcessorChecker : Bean 'org.springframework.cloud.client.loadbalancer.LoadBalancerAutoConfiguration$DeferringLoadBalancerInterceptorConfig' of type [org.springframework.cloud.client.loadbalancer.LoadBalancerAutoConfiguration$DeferringLoadBalancerInterceptorConfig] is not eligible for getting processed by all BeanPostProcessors (for example: not eligible for auto-proxying). The currently created BeanPostProcessor [lbRestClientPostProcessor] is declared through a non-static factory method on that class; consider declaring it as static instead.
2024-06-19T01:56:31.876+09:00  WARN 11361 --- [sentimentAnalysis] [    Test worker] trationDelegate$BeanPostProcessorChecker : Bean 'deferringLoadBalancerInterceptor' of type [org.springframework.cloud.client.loadbalancer.DeferringLoadBalancerInterceptor] is not eligible for getting processed by all BeanPostProcessors (for example: not eligible for auto-proxying). Is this bean getting eagerly injected into a currently created BeanPostProcessor [lbRestClientPostProcessor]? Check the corresponding BeanPostProcessor declaration and its dependencies.
2024-06-19T01:56:31.955+09:00  INFO 11361 --- [sentimentAnalysis] [    Test worker] o.hibernate.jpa.internal.util.LogHelper  : HHH000204: Processing PersistenceUnitInfo [name: default]
2024-06-19T01:56:31.981+09:00  INFO 11361 --- [sentimentAnalysis] [    Test worker] org.hibernate.Version                    : HHH000412: Hibernate ORM core version 6.5.2.Final
2024-06-19T01:56:31.997+09:00  INFO 11361 --- [sentimentAnalysis] [    Test worker] o.h.c.internal.RegionFactoryInitiator    : HHH000026: Second-level cache disabled
2024-06-19T01:56:32.150+09:00  INFO 11361 --- [sentimentAnalysis] [    Test worker] o.s.o.j.p.SpringPersistenceUnitInfo      : No LoadTimeWeaver setup: ignoring JPA class transformer
2024-06-19T01:56:32.163+09:00  INFO 11361 --- [sentimentAnalysis] [    Test worker] com.zaxxer.hikari.HikariDataSource       : HikariPool-1 - Starting...
2024-06-19T01:56:32.273+09:00  INFO 11361 --- [sentimentAnalysis] [    Test worker] com.zaxxer.hikari.pool.HikariPool        : HikariPool-1 - Added connection conn0: url=jdbc:h2:mem:sunjoo user=ROOT
2024-06-19T01:56:32.274+09:00  INFO 11361 --- [sentimentAnalysis] [    Test worker] com.zaxxer.hikari.HikariDataSource       : HikariPool-1 - Start completed.
2024-06-19T01:56:32.286+09:00  WARN 11361 --- [sentimentAnalysis] [    Test worker] org.hibernate.orm.deprecation            : HHH90000025: MySQL8Dialect does not need to be specified explicitly using 'hibernate.dialect' (remove the property setting and it will be selected by default)
2024-06-19T01:56:32.287+09:00  WARN 11361 --- [sentimentAnalysis] [    Test worker] org.hibernate.orm.deprecation            : HHH90000026: MySQL8Dialect has been deprecated; use org.hibernate.dialect.MySQLDialect instead
2024-06-19T01:56:32.726+09:00  INFO 11361 --- [sentimentAnalysis] [    Test worker] o.h.e.t.j.p.i.JtaPlatformInitiator       : HHH000489: No JTA platform available (set 'hibernate.transaction.jta.platform' to enable JTA platform integration)
Hibernate: 
    create table drink_info (
        drink_id bigint not null auto_increment,
        liquid_capacity integer,
        abv float(53),
        image varchar(255),
        drink_name varchar(255),
        price integer,
        sentiment enum ('HAPPY2','Happy1','MEDIAN','SAD1','SAD2'),
        sugar_content float(53),
        drink_kind enum ('BEER','BRANDY','FRUIT','LIQUEUR','MAKGEOLLI','RICE_WINE','SOJU','WHISKEY','WINE','YAKJU'),
        primary key (drink_id)
    ) engine=InnoDB
Hibernate: 
    create table review (
        id bigint not null auto_increment,
        primary key (id)
    ) engine=InnoDB
2024-06-19T01:56:32.762+09:00  INFO 11361 --- [sentimentAnalysis] [    Test worker] j.LocalContainerEntityManagerFactoryBean : Initialized JPA EntityManagerFactory for persistence unit 'default'
2024-06-19T01:56:32.985+09:00  WARN 11361 --- [sentimentAnalysis] [    Test worker] JpaBaseConfiguration$JpaWebConfiguration : spring.jpa.open-in-view is enabled by default. Therefore, database queries may be performed during view rendering. Explicitly configure spring.jpa.open-in-view to disable this warning
2024-06-19T01:56:33.292+09:00  INFO 11361 --- [sentimentAnalysis] [    Test worker] DiscoveryClientOptionalArgsConfiguration : Eureka HTTP Client uses RestTemplate.
2024-06-19T01:56:33.313+09:00  WARN 11361 --- [sentimentAnalysis] [    Test worker] iguration$LoadBalancerCaffeineWarnLogger : Spring Cloud LoadBalancer is currently working with the default cache. While this cache implementation is useful for development and tests, it's recommended to use Caffeine cache in production.You can switch to using Caffeine cache, by adding it and org.springframework.cache.caffeine.CaffeineCacheManager to the classpath.
2024-06-19T01:56:33.326+09:00  INFO 11361 --- [sentimentAnalysis] [    Test worker] o.s.c.n.eureka.InstanceInfoFactory       : Setting initial instance status as: STARTING
2024-06-19T01:56:33.374+09:00  INFO 11361 --- [sentimentAnalysis] [    Test worker] com.netflix.discovery.DiscoveryClient    : Initializing Eureka in region us-east-1
2024-06-19T01:56:33.377+09:00  INFO 11361 --- [sentimentAnalysis] [    Test worker] c.n.d.s.r.aws.ConfigClusterResolver      : Resolving eureka endpoints via configuration
2024-06-19T01:56:33.389+09:00  INFO 11361 --- [sentimentAnalysis] [    Test worker] com.netflix.discovery.DiscoveryClient    : Disable delta property : true
2024-06-19T01:56:33.389+09:00  INFO 11361 --- [sentimentAnalysis] [    Test worker] com.netflix.discovery.DiscoveryClient    : Single vip registry refresh property : null
2024-06-19T01:56:33.389+09:00  INFO 11361 --- [sentimentAnalysis] [    Test worker] com.netflix.discovery.DiscoveryClient    : Force full registry fetch : false
2024-06-19T01:56:33.389+09:00  INFO 11361 --- [sentimentAnalysis] [    Test worker] com.netflix.discovery.DiscoveryClient    : Application is null : false
2024-06-19T01:56:33.389+09:00  INFO 11361 --- [sentimentAnalysis] [    Test worker] com.netflix.discovery.DiscoveryClient    : Registered Applications size is zero : true
2024-06-19T01:56:33.389+09:00  INFO 11361 --- [sentimentAnalysis] [    Test worker] com.netflix.discovery.DiscoveryClient    : Application version is -1: true
2024-06-19T01:56:33.390+09:00  INFO 11361 --- [sentimentAnalysis] [    Test worker] com.netflix.discovery.DiscoveryClient    : Getting all instance registry info from the eureka server
2024-06-19T01:56:33.639+09:00  INFO 11361 --- [sentimentAnalysis] [    Test worker] com.netflix.discovery.DiscoveryClient    : The response status is 200
2024-06-19T01:56:33.640+09:00  INFO 11361 --- [sentimentAnalysis] [    Test worker] com.netflix.discovery.DiscoveryClient    : Starting heartbeat executor: renew interval is: 30
2024-06-19T01:56:33.641+09:00  INFO 11361 --- [sentimentAnalysis] [    Test worker] c.n.discovery.InstanceInfoReplicator     : InstanceInfoReplicator onDemand update allowed rate per min is 4
2024-06-19T01:56:33.644+09:00  INFO 11361 --- [sentimentAnalysis] [    Test worker] com.netflix.discovery.DiscoveryClient    : Discovery Client initialized at timestamp 1718729793643 with initial instances count: 2
2024-06-19T01:56:33.646+09:00  INFO 11361 --- [sentimentAnalysis] [    Test worker] o.s.c.n.e.s.EurekaServiceRegistry        : Registering application SENTIMENTANALYSIS with eureka with status UP
2024-06-19T01:56:33.646+09:00  INFO 11361 --- [sentimentAnalysis] [    Test worker] com.netflix.discovery.DiscoveryClient    : Saw local status change event StatusChangeEvent [timestamp=1718729793646, current=UP, previous=STARTING]
2024-06-19T01:56:33.647+09:00  INFO 11361 --- [sentimentAnalysis] [nfoReplicator-0] com.netflix.discovery.DiscoveryClient    : DiscoveryClient_SENTIMENTANALYSIS/192.168.35.156:sentimentAnalysis:8091: registering service...
2024-06-19T01:56:33.660+09:00  INFO 11361 --- [sentimentAnalysis] [    Test worker] c.s.d.DrinktionaryApplicationTests       : Started DrinktionaryApplicationTests in 2.618 seconds (process running for 3.222)
2024-06-19T01:56:33.676+09:00  INFO 11361 --- [sentimentAnalysis] [nfoReplicator-0] com.netflix.discovery.DiscoveryClient    : DiscoveryClient_SENTIMENTANALYSIS/192.168.35.156:sentimentAnalysis:8091 - registration status: 204
]]></system-out>
  <system-err><![CDATA[]]></system-err>
</testsuite>
